-------------------------------------------------------------------------------
Test set: com.econovafx.ApplicationStartupTest
-------------------------------------------------------------------------------
Tests run: 4, Failures: 1, Errors: 2, Skipped: 0, Time elapsed: 5.107 s <<< FAILURE! -- in com.econovafx.ApplicationStartupTest
com.econovafx.ApplicationStartupTest.testDatabaseConnection -- Time elapsed: 3.811 s <<< ERROR!
java.lang.ExceptionInInitializerError
	at io.ebean.DB.<clinit>(DB.java:63)
	at com.econovafx.ApplicationStartupTest.testDatabaseConnection(ApplicationStartupTest.java:76)
	at java.base/java.lang.reflect.Method.invoke(Method.java:569)
	at java.base/java.util.ArrayList.forEach(ArrayList.java:1511)
	at java.base/java.util.ArrayList.forEach(ArrayList.java:1511)
Caused by: java.lang.RuntimeException: java.lang.RuntimeException: Error reading annotations for com.econovafx.modules.reporting.model.FinancialReport
	at io.ebean.DbContext.<init>(DbContext.java:54)
	at io.ebean.DbContext.<clinit>(DbContext.java:23)
	... 5 more
Caused by: java.lang.RuntimeException: Error reading annotations for com.econovafx.modules.reporting.model.FinancialReport
	at io.ebeaninternal.server.deploy.parse.ReadAnnotations.readAssociations(ReadAnnotations.java:55)
	at io.ebeaninternal.server.deploy.BeanDescriptorManager.readDeployAssociations(BeanDescriptorManager.java:1032)
	at io.ebeaninternal.server.deploy.BeanDescriptorManager.readEntityDeploymentAssociations(BeanDescriptorManager.java:614)
	at io.ebeaninternal.server.deploy.BeanDescriptorManager.deploy(BeanDescriptorManager.java:275)
	at io.ebeaninternal.server.core.InternalConfiguration.<init>(InternalConfiguration.java:112)
	at io.ebeaninternal.server.core.DefaultContainer.createServer(DefaultContainer.java:114)
	at io.ebeaninternal.server.core.DefaultContainer.createServer(DefaultContainer.java:69)
	at io.ebeaninternal.server.core.DefaultContainer.createServer(DefaultContainer.java:33)
	at io.ebean.DatabaseFactory.create(DatabaseFactory.java:60)
	at io.ebean.DbContext.getWithCreate(DbContext.java:102)
	at io.ebean.DbContext.<init>(DbContext.java:37)
	... 6 more
Caused by: io.ebean.config.BeanNotRegisteredException: Could not find BeanDescriptor for class com.econovafx.modules.reporting.model.ReportLine. Perhaps the EmbeddedId class is not registered? See https://ebean.io/docs/trouble-shooting#not-registered
	at io.ebeaninternal.server.deploy.BeanEmbeddedMetaFactory.create(BeanEmbeddedMetaFactory.java:26)
	at io.ebeaninternal.server.deploy.BeanPropertyAssocOne.<init>(BeanPropertyAssocOne.java:76)
	at io.ebeaninternal.server.deploy.meta.DeployBeanPropertyLists.createBeanProperty(DeployBeanPropertyLists.java:387)
	at io.ebeaninternal.server.deploy.meta.DeployBeanPropertyLists.<init>(DeployBeanPropertyLists.java:61)
	at io.ebeaninternal.server.deploy.BeanDescriptor.<init>(BeanDescriptor.java:247)
	at io.ebeaninternal.server.deploy.BeanDescriptorElement.<init>(BeanDescriptorElement.java:21)
	at io.ebeaninternal.server.deploy.BeanDescriptorElementEmbedded.<init>(BeanDescriptorElementEmbedded.java:24)
	at io.ebeaninternal.server.deploy.BeanDescriptorManager.createElementDescriptor(BeanDescriptorManager.java:1327)
	at io.ebeaninternal.server.deploy.parse.AnnotationAssocManys.readElementCollection(AnnotationAssocManys.java:271)
	at io.ebeaninternal.server.deploy.parse.AnnotationAssocManys.read(AnnotationAssocManys.java:95)
	at io.ebeaninternal.server.deploy.parse.AnnotationAssocManys.parse(AnnotationAssocManys.java:57)
	at io.ebeaninternal.server.deploy.parse.ReadAnnotations.readAssociations(ReadAnnotations.java:48)
	... 16 more

com.econovafx.ApplicationStartupTest.testDatabaseInitialization -- Time elapsed: 0.006 s <<< ERROR!
java.lang.NoClassDefFoundError: Could not initialize class io.ebean.DB
	at com.econovafx.ApplicationStartupTest.testDatabaseInitialization(ApplicationStartupTest.java:60)
	at java.base/java.lang.reflect.Method.invoke(Method.java:569)
	at java.base/java.util.ArrayList.forEach(ArrayList.java:1511)
	at java.base/java.util.ArrayList.forEach(ArrayList.java:1511)
Caused by: java.lang.ExceptionInInitializerError: Exception java.lang.ExceptionInInitializerError [in thread "main"]
	at io.ebean.DB.<clinit>(DB.java:63)
	at com.econovafx.ApplicationStartupTest.testDatabaseConnection(ApplicationStartupTest.java:76)
	... 3 more

com.econovafx.ApplicationStartupTest.testFullStartupSimulation -- Time elapsed: 0.009 s <<< FAILURE!
org.opentest4j.MultipleFailuresError: 
Full startup simulation (2 failures)
	java.lang.NoClassDefFoundError: Could not initialize class io.ebean.DB
	java.lang.NoClassDefFoundError: Could not initialize class io.ebean.DB
	at org.junit.jupiter.api.AssertAll.assertAll(AssertAll.java:80)
	at org.junit.jupiter.api.AssertAll.assertAll(AssertAll.java:44)
	at org.junit.jupiter.api.Assertions.assertAll(Assertions.java:2961)
	at com.econovafx.ApplicationStartupTest.testFullStartupSimulation(ApplicationStartupTest.java:94)
	at java.base/java.lang.reflect.Method.invoke(Method.java:569)
	at java.base/java.util.ArrayList.forEach(ArrayList.java:1511)
	at java.base/java.util.ArrayList.forEach(ArrayList.java:1511)
	Suppressed: java.lang.NoClassDefFoundError: Could not initialize class io.ebean.DB
		at com.econovafx.ApplicationStartupTest.lambda$testFullStartupSimulation$1(ApplicationStartupTest.java:96)
		at org.junit.jupiter.api.AssertAll.lambda$assertAll$0(AssertAll.java:68)
		at java.base/java.util.stream.ReferencePipeline$3$1.accept(ReferencePipeline.java:197)
		at java.base/java.util.Spliterators$ArraySpliterator.forEachRemaining(Spliterators.java:992)
		at java.base/java.util.stream.AbstractPipeline.copyInto(AbstractPipeline.java:509)
		at java.base/java.util.stream.AbstractPipeline.wrapAndCopyInto(AbstractPipeline.java:499)
		at java.base/java.util.stream.ReduceOps$ReduceOp.evaluateSequential(ReduceOps.java:921)
		at java.base/java.util.stream.AbstractPipeline.evaluate(AbstractPipeline.java:234)
		at java.base/java.util.stream.ReferencePipeline.collect(ReferencePipeline.java:682)
		at org.junit.jupiter.api.AssertAll.assertAll(AssertAll.java:77)
		... 6 more
	Caused by: java.lang.ExceptionInInitializerError: Exception java.lang.ExceptionInInitializerError [in thread "main"]
		at io.ebean.DB.<clinit>(DB.java:63)
		at com.econovafx.ApplicationStartupTest.testDatabaseConnection(ApplicationStartupTest.java:76)
		... 3 more
	Suppressed: java.lang.NoClassDefFoundError: Could not initialize class io.ebean.DB
		at com.econovafx.ApplicationStartupTest.lambda$testFullStartupSimulation$2(ApplicationStartupTest.java:101)
		at org.junit.jupiter.api.AssertAll.lambda$assertAll$0(AssertAll.java:68)
		at java.base/java.util.stream.ReferencePipeline$3$1.accept(ReferencePipeline.java:197)
		at java.base/java.util.Spliterators$ArraySpliterator.forEachRemaining(Spliterators.java:992)
		at java.base/java.util.stream.AbstractPipeline.copyInto(AbstractPipeline.java:509)
		at java.base/java.util.stream.AbstractPipeline.wrapAndCopyInto(AbstractPipeline.java:499)
		at java.base/java.util.stream.ReduceOps$ReduceOp.evaluateSequential(ReduceOps.java:921)
		at java.base/java.util.stream.AbstractPipeline.evaluate(AbstractPipeline.java:234)
		at java.base/java.util.stream.ReferencePipeline.collect(ReferencePipeline.java:682)
		at org.junit.jupiter.api.AssertAll.assertAll(AssertAll.java:77)
		... 6 more
	Caused by: [CIRCULAR REFERENCE: java.lang.ExceptionInInitializerError: Exception java.lang.ExceptionInInitializerError [in thread "main"]]

