-------------------------------------------------------------------------------
Test set: com.econovafx.modules.core.security.AuthServiceTest
-------------------------------------------------------------------------------
Tests run: 10, Failures: 0, Errors: 10, Skipped: 0, Time elapsed: 0.108 s <<< FAILURE! -- in com.econovafx.modules.core.security.AuthServiceTest
com.econovafx.modules.core.security.AuthServiceTest.testSuccessfulLoginResetsAttempts -- Time elapsed: 0.071 s <<< ERROR!
java.lang.NoClassDefFoundError: Could not initialize class io.ebean.DB
	at com.econovafx.modules.core.security.AuthServiceTest.setUp(AuthServiceTest.java:36)
	at java.base/java.lang.reflect.Method.invoke(Method.java:569)
	at java.base/java.util.ArrayList.forEach(ArrayList.java:1511)
	at java.base/java.util.ArrayList.forEach(ArrayList.java:1511)
	Suppressed: java.lang.NoClassDefFoundError: Could not initialize class io.ebean.DB
		at com.econovafx.modules.core.security.AuthServiceTest.tearDown(AuthServiceTest.java:45)
		... 3 more
	Caused by: java.lang.ExceptionInInitializerError: Exception java.lang.ExceptionInInitializerError [in thread "main"]
		at io.ebean.DB.<clinit>(DB.java:63)
		at com.econovafx.ApplicationStartupTest.testDatabaseConnection(ApplicationStartupTest.java:76)
		... 3 more
Caused by: [CIRCULAR REFERENCE: java.lang.ExceptionInInitializerError: Exception java.lang.ExceptionInInitializerError [in thread "main"]]

com.econovafx.modules.core.security.AuthServiceTest.testAuthenticateSuccess -- Time elapsed: 0.003 s <<< ERROR!
java.lang.NoClassDefFoundError: Could not initialize class io.ebean.DB
	at com.econovafx.modules.core.security.AuthServiceTest.setUp(AuthServiceTest.java:36)
	at java.base/java.lang.reflect.Method.invoke(Method.java:569)
	at java.base/java.util.ArrayList.forEach(ArrayList.java:1511)
	at java.base/java.util.ArrayList.forEach(ArrayList.java:1511)
	Suppressed: java.lang.NoClassDefFoundError: Could not initialize class io.ebean.DB
		at com.econovafx.modules.core.security.AuthServiceTest.tearDown(AuthServiceTest.java:45)
		... 3 more
	Caused by: java.lang.ExceptionInInitializerError: Exception java.lang.ExceptionInInitializerError [in thread "main"]
		at io.ebean.DB.<clinit>(DB.java:63)
		at com.econovafx.ApplicationStartupTest.testDatabaseConnection(ApplicationStartupTest.java:76)
		... 3 more
Caused by: [CIRCULAR REFERENCE: java.lang.ExceptionInInitializerError: Exception java.lang.ExceptionInInitializerError [in thread "main"]]

com.econovafx.modules.core.security.AuthServiceTest.testAuthenticateInactiveUser -- Time elapsed: 0.003 s <<< ERROR!
java.lang.NoClassDefFoundError: Could not initialize class io.ebean.DB
	at com.econovafx.modules.core.security.AuthServiceTest.setUp(AuthServiceTest.java:36)
	at java.base/java.lang.reflect.Method.invoke(Method.java:569)
	at java.base/java.util.ArrayList.forEach(ArrayList.java:1511)
	at java.base/java.util.ArrayList.forEach(ArrayList.java:1511)
	Suppressed: java.lang.NoClassDefFoundError: Could not initialize class io.ebean.DB
		at com.econovafx.modules.core.security.AuthServiceTest.tearDown(AuthServiceTest.java:45)
		... 3 more
	Caused by: java.lang.ExceptionInInitializerError: Exception java.lang.ExceptionInInitializerError [in thread "main"]
		at io.ebean.DB.<clinit>(DB.java:63)
		at com.econovafx.ApplicationStartupTest.testDatabaseConnection(ApplicationStartupTest.java:76)
		... 3 more
Caused by: [CIRCULAR REFERENCE: java.lang.ExceptionInInitializerError: Exception java.lang.ExceptionInInitializerError [in thread "main"]]

com.econovafx.modules.core.security.AuthServiceTest.testHasRoleFalse -- Time elapsed: 0.001 s <<< ERROR!
java.lang.NoClassDefFoundError: Could not initialize class io.ebean.DB
	at com.econovafx.modules.core.security.AuthServiceTest.setUp(AuthServiceTest.java:36)
	at java.base/java.lang.reflect.Method.invoke(Method.java:569)
	at java.base/java.util.ArrayList.forEach(ArrayList.java:1511)
	at java.base/java.util.ArrayList.forEach(ArrayList.java:1511)
	Suppressed: java.lang.NoClassDefFoundError: Could not initialize class io.ebean.DB
		at com.econovafx.modules.core.security.AuthServiceTest.tearDown(AuthServiceTest.java:45)
		... 3 more
	Caused by: java.lang.ExceptionInInitializerError: Exception java.lang.ExceptionInInitializerError [in thread "main"]
		at io.ebean.DB.<clinit>(DB.java:63)
		at com.econovafx.ApplicationStartupTest.testDatabaseConnection(ApplicationStartupTest.java:76)
		... 3 more
Caused by: [CIRCULAR REFERENCE: java.lang.ExceptionInInitializerError: Exception java.lang.ExceptionInInitializerError [in thread "main"]]

com.econovafx.modules.core.security.AuthServiceTest.testAuthenticateInvalidPassword -- Time elapsed: 0 s <<< ERROR!
java.lang.NoClassDefFoundError: Could not initialize class io.ebean.DB
	at com.econovafx.modules.core.security.AuthServiceTest.setUp(AuthServiceTest.java:36)
	at java.base/java.lang.reflect.Method.invoke(Method.java:569)
	at java.base/java.util.ArrayList.forEach(ArrayList.java:1511)
	at java.base/java.util.ArrayList.forEach(ArrayList.java:1511)
	Suppressed: java.lang.NoClassDefFoundError: Could not initialize class io.ebean.DB
		at com.econovafx.modules.core.security.AuthServiceTest.tearDown(AuthServiceTest.java:45)
		... 3 more
	Caused by: java.lang.ExceptionInInitializerError: Exception java.lang.ExceptionInInitializerError [in thread "main"]
		at io.ebean.DB.<clinit>(DB.java:63)
		at com.econovafx.ApplicationStartupTest.testDatabaseConnection(ApplicationStartupTest.java:76)
		... 3 more
Caused by: [CIRCULAR REFERENCE: java.lang.ExceptionInInitializerError: Exception java.lang.ExceptionInInitializerError [in thread "main"]]

com.econovafx.modules.core.security.AuthServiceTest.testAuthenticateUserNotFound -- Time elapsed: 0.004 s <<< ERROR!
java.lang.NoClassDefFoundError: Could not initialize class io.ebean.DB
	at com.econovafx.modules.core.security.AuthServiceTest.setUp(AuthServiceTest.java:36)
	at java.base/java.lang.reflect.Method.invoke(Method.java:569)
	at java.base/java.util.ArrayList.forEach(ArrayList.java:1511)
	at java.base/java.util.ArrayList.forEach(ArrayList.java:1511)
	Suppressed: java.lang.NoClassDefFoundError: Could not initialize class io.ebean.DB
		at com.econovafx.modules.core.security.AuthServiceTest.tearDown(AuthServiceTest.java:45)
		... 3 more
	Caused by: java.lang.ExceptionInInitializerError: Exception java.lang.ExceptionInInitializerError [in thread "main"]
		at io.ebean.DB.<clinit>(DB.java:63)
		at com.econovafx.ApplicationStartupTest.testDatabaseConnection(ApplicationStartupTest.java:76)
		... 3 more
Caused by: [CIRCULAR REFERENCE: java.lang.ExceptionInInitializerError: Exception java.lang.ExceptionInInitializerError [in thread "main"]]

com.econovafx.modules.core.security.AuthServiceTest.testHasRoleNullUser -- Time elapsed: 0.002 s <<< ERROR!
java.lang.NoClassDefFoundError: Could not initialize class io.ebean.DB
	at com.econovafx.modules.core.security.AuthServiceTest.setUp(AuthServiceTest.java:36)
	at java.base/java.lang.reflect.Method.invoke(Method.java:569)
	at java.base/java.util.ArrayList.forEach(ArrayList.java:1511)
	at java.base/java.util.ArrayList.forEach(ArrayList.java:1511)
	Suppressed: java.lang.NoClassDefFoundError: Could not initialize class io.ebean.DB
		at com.econovafx.modules.core.security.AuthServiceTest.tearDown(AuthServiceTest.java:45)
		... 3 more
	Caused by: java.lang.ExceptionInInitializerError: Exception java.lang.ExceptionInInitializerError [in thread "main"]
		at io.ebean.DB.<clinit>(DB.java:63)
		at com.econovafx.ApplicationStartupTest.testDatabaseConnection(ApplicationStartupTest.java:76)
		... 3 more
Caused by: [CIRCULAR REFERENCE: java.lang.ExceptionInInitializerError: Exception java.lang.ExceptionInInitializerError [in thread "main"]]

com.econovafx.modules.core.security.AuthServiceTest.testLogout -- Time elapsed: 0.004 s <<< ERROR!
java.lang.NoClassDefFoundError: Could not initialize class io.ebean.DB
	at com.econovafx.modules.core.security.AuthServiceTest.setUp(AuthServiceTest.java:36)
	at java.base/java.lang.reflect.Method.invoke(Method.java:569)
	at java.base/java.util.ArrayList.forEach(ArrayList.java:1511)
	at java.base/java.util.ArrayList.forEach(ArrayList.java:1511)
	Suppressed: java.lang.NoClassDefFoundError: Could not initialize class io.ebean.DB
		at com.econovafx.modules.core.security.AuthServiceTest.tearDown(AuthServiceTest.java:45)
		... 3 more
	Caused by: java.lang.ExceptionInInitializerError: Exception java.lang.ExceptionInInitializerError [in thread "main"]
		at io.ebean.DB.<clinit>(DB.java:63)
		at com.econovafx.ApplicationStartupTest.testDatabaseConnection(ApplicationStartupTest.java:76)
		... 3 more
Caused by: [CIRCULAR REFERENCE: java.lang.ExceptionInInitializerError: Exception java.lang.ExceptionInInitializerError [in thread "main"]]

com.econovafx.modules.core.security.AuthServiceTest.testHasRoleTrue -- Time elapsed: 0.002 s <<< ERROR!
java.lang.NoClassDefFoundError: Could not initialize class io.ebean.DB
	at com.econovafx.modules.core.security.AuthServiceTest.setUp(AuthServiceTest.java:36)
	at java.base/java.lang.reflect.Method.invoke(Method.java:569)
	at java.base/java.util.ArrayList.forEach(ArrayList.java:1511)
	at java.base/java.util.ArrayList.forEach(ArrayList.java:1511)
	Suppressed: java.lang.NoClassDefFoundError: Could not initialize class io.ebean.DB
		at com.econovafx.modules.core.security.AuthServiceTest.tearDown(AuthServiceTest.java:45)
		... 3 more
	Caused by: java.lang.ExceptionInInitializerError: Exception java.lang.ExceptionInInitializerError [in thread "main"]
		at io.ebean.DB.<clinit>(DB.java:63)
		at com.econovafx.ApplicationStartupTest.testDatabaseConnection(ApplicationStartupTest.java:76)
		... 3 more
Caused by: [CIRCULAR REFERENCE: java.lang.ExceptionInInitializerError: Exception java.lang.ExceptionInInitializerError [in thread "main"]]

com.econovafx.modules.core.security.AuthServiceTest.testLoginAttemptsLockout -- Time elapsed: 0.003 s <<< ERROR!
java.lang.NoClassDefFoundError: Could not initialize class io.ebean.DB
	at com.econovafx.modules.core.security.AuthServiceTest.setUp(AuthServiceTest.java:36)
	at java.base/java.lang.reflect.Method.invoke(Method.java:569)
	at java.base/java.util.ArrayList.forEach(ArrayList.java:1511)
	at java.base/java.util.ArrayList.forEach(ArrayList.java:1511)
	Suppressed: java.lang.NoClassDefFoundError: Could not initialize class io.ebean.DB
		at com.econovafx.modules.core.security.AuthServiceTest.tearDown(AuthServiceTest.java:45)
		... 3 more
	Caused by: java.lang.ExceptionInInitializerError: Exception java.lang.ExceptionInInitializerError [in thread "main"]
		at io.ebean.DB.<clinit>(DB.java:63)
		at com.econovafx.ApplicationStartupTest.testDatabaseConnection(ApplicationStartupTest.java:76)
		... 3 more
Caused by: [CIRCULAR REFERENCE: java.lang.ExceptionInInitializerError: Exception java.lang.ExceptionInInitializerError [in thread "main"]]

