-------------------------------------------------------------------------------
Test set: com.econovafx.modules.accounting.repository.TransactionRepositoryTest
-------------------------------------------------------------------------------
Tests run: 1, Failures: 0, Errors: 1, Skipped: 0, Time elapsed: 0.005 s <<< FAILURE! -- in com.econovafx.modules.accounting.repository.TransactionRepositoryTest
com.econovafx.modules.accounting.repository.TransactionRepositoryTest -- Time elapsed: 0.005 s <<< ERROR!
java.lang.NoClassDefFoundError: Could not initialize class io.ebean.DB
	at com.econovafx.modules.accounting.repository.TransactionRepositoryTest.setUpAll(TransactionRepositoryTest.java:44)
	at java.base/java.lang.reflect.Method.invoke(Method.java:569)
	at java.base/java.util.ArrayList.forEach(ArrayList.java:1511)
Caused by: java.lang.ExceptionInInitializerError: Exception java.lang.ExceptionInInitializerError [in thread "main"]
	at io.ebean.DB.<clinit>(DB.java:63)
	at com.econovafx.ApplicationStartupTest.testDatabaseConnection(ApplicationStartupTest.java:76)
	at java.base/java.lang.reflect.Method.invoke(Method.java:569)
	at java.base/java.util.ArrayList.forEach(ArrayList.java:1511)
	... 1 more

