<?xml version="1.0" encoding="UTF-8"?>
<testsuite xmlns:xsi="http://www.w3.org/2001/XMLSchema-instance" xsi:noNamespaceSchemaLocation="https://maven.apache.org/surefire/maven-surefire-plugin/xsd/surefire-test-report-3.0.xsd" version="3.0" name="com.econovafx.EbeanInitializationTest" time="0.289" tests="3" errors="0" skipped="0" failures="0">
  <properties>
[...]
</properties>
  <testcase name="testDefaultServerIdentification" classname="com.econovafx.EbeanInitializationTest" time="0.002">
    <system-out><![CDATA[22:04:31.711 [main] INFO  c.econovafx.EbeanInitializationTest - Testing default server identification...
22:04:31.712 [main] INFO  c.econovafx.EbeanInitializationTest - Default database is accessible: Database{db}
22:04:31.712 [main] INFO  c.econovafx.EbeanInitializationTest - Default server identification test passed
]]></system-out>
  </testcase>
  <testcase name="testEbeanDataSourceConfiguration" classname="com.econovafx.EbeanInitializationTest" time="0.008">
    <system-out><![CDATA[22:04:31.719 [main] INFO  c.econovafx.EbeanInitializationTest - Testing Ebean DataSource configuration...
22:04:31.721 [main] INFO  c.econovafx.EbeanInitializationTest - Ebean DataSource configuration test passed
]]></system-out>
  </testcase>
  <testcase name="testDatabaseConnectivity" classname="com.econovafx.EbeanInitializationTest" time="0.215">
    <system-out><![CDATA[22:04:31.722 [main] INFO  c.econovafx.EbeanInitializationTest - Testing database connectivity...
22:04:31.936 [main] INFO  c.econovafx.EbeanInitializationTest - Database connectivity test passed
]]></system-out>
  </testcase>
</testsuite>