<?xml version="1.0" encoding="UTF-8"?>
<testsuite xmlns:xsi="http://www.w3.org/2001/XMLSchema-instance" xsi:noNamespaceSchemaLocation="https://maven.apache.org/surefire/maven-surefire-plugin/xsd/surefire-test-report-3.0.xsd" version="3.0" name="com.econovafx.ApplicationStartupTest" time="11.051" tests="4" errors="0" skipped="0" failures="0">
  <properties>
[...]
</properties>
  <testcase name="testDatabaseConnection" classname="com.econovafx.ApplicationStartupTest" time="6.534">
    <system-out><![CDATA[12:09:56.196 [main] INFO  c.econovafx.ApplicationStartupTest - Setting up application startup test...
12:09:56.203 [main] INFO  c.econovafx.ApplicationStartupTest - Database initialized by ebean-test
12:09:56.295 [main] INFO  c.econovafx.ApplicationStartupTest - Testing database connection...
12:09:56.404 [main] INFO  io.ebean - ebean version: 17.11.0
12:09:56.564 [main] INFO  io.avaje.config - Loaded properties from [resource:application.properties, resource:application-test.properties] 
12:09:56.972 [ForkJoinPool.commonPool-worker-1] INFO  io.ebean.test - Using jdbc settings - username:sa url:jdbc:h2:mem:testdb driver:org.h2.Driver
12:09:57.006 [main] INFO  io.ebean.test - for testing purposes a current user provider has been configured. Use io.ebean.test.UserContext to set current user in tests.
12:09:59.262 [main] INFO  io.ebean.datasource - DataSource [db] autoCommit[false] [READ_COMMITTED] min[2] max[200] in[1,423ms]
12:10:00.659 [main] WARN  io.ebean.core - Huh??? property com.econovafx.modules.assets.model.FixedAsset.isActive being defined twice but replaced property was not transient? This is not expected?
12:10:01.993 [main] INFO  io.ebean.DDL - Executing db-drop-all.sql - 161 statements, autoCommit:true
12:10:02.097 [main] INFO  io.ebean.DDL - Executing db-create-all.sql - 161 statements, autoCommit:false
12:10:02.659 [main] INFO  io.ebean.core - Started database[db] platform[H2] in 5,653ms
12:10:02.773 [main] INFO  c.econovafx.ApplicationStartupTest - Database connection test passed
]]></system-out>
  </testcase>
  <testcase name="testApplicationInitializationWithDependencyInjection" classname="com.econovafx.ApplicationStartupTest" time="3.004">
    <system-out><![CDATA[12:10:02.808 [main] INFO  c.econovafx.ApplicationStartupTest - Testing application initialization with AppContext dependency injection...
12:10:02.822 [main] INFO  com.econovafx.App - Initializing EconoNova FX Application v1.0.0
12:10:05.794 [main] INFO  com.econovafx.App - Lato font family loaded successfully
12:10:05.804 [main] INFO  com.econovafx.App - I18n initialized with locale: es_CU
12:10:05.806 [main] INFO  c.econovafx.ApplicationStartupTest - Application initialization test passed - AppContext correctly deferred to start()
]]></system-out>
  </testcase>
  <testcase name="testDatabaseInitialization" classname="com.econovafx.ApplicationStartupTest" time="0.01">
    <system-out><![CDATA[12:10:05.811 [main] INFO  c.econovafx.ApplicationStartupTest - Testing database initialization...
12:10:05.817 [main] INFO  c.econovafx.ApplicationStartupTest - Database initialization test passed
]]></system-out>
  </testcase>
  <testcase name="testFullStartupSimulation" classname="com.econovafx.ApplicationStartupTest" time="0.007">
    <system-out><![CDATA[12:10:05.822 [main] INFO  c.econovafx.ApplicationStartupTest - Running full startup simulation...
12:10:05.827 [main] INFO  c.econovafx.ApplicationStartupTest - Full startup simulation test passed
]]></system-out>
  </testcase>
</testsuite>