<?xml version="1.0" encoding="UTF-8"?>
<testsuite xmlns:xsi="http://www.w3.org/2001/XMLSchema-instance" xsi:noNamespaceSchemaLocation="https://maven.apache.org/surefire/maven-surefire-plugin/xsd/surefire-test-report-3.0.xsd" version="3.0" name="com.econovafx.modules.core.service.UserServiceTest" time="9.907" tests="25" errors="0" skipped="0" failures="0">
  <properties>
[...]
</properties>
  <testcase name="testDeleteUserFailsWhenNotFound" classname="com.econovafx.modules.core.service.UserServiceTest" time="0.001"/>
  <testcase name="testAuthenticateSuccess" classname="com.econovafx.modules.core.service.UserServiceTest" time="0.914">
    <system-out><![CDATA[15:32:12.175 [main] INFO  c.e.modules.core.service.UserService - User created: testuser
15:32:12.176 [main] INFO  c.e.m.core.service.AuditService - Audit: CREATE - Created user: testuser on User (1) by system
15:32:12.555 [main] INFO  c.e.m.core.service.AuditService - Audit: LOGIN - User logged in successfully on User (1) by testuser
]]></system-out>
  </testcase>
  <testcase name="testGetUserByEmail" classname="com.econovafx.modules.core.service.UserServiceTest" time="0.345">
    <system-out><![CDATA[15:32:12.900 [main] INFO  c.e.modules.core.service.UserService - User created: testuser
15:32:12.901 [main] INFO  c.e.m.core.service.AuditService - Audit: CREATE - Created user: testuser on User (1) by system
]]></system-out>
  </testcase>
  <testcase name="testCreateUserWithAdminRole" classname="com.econovafx.modules.core.service.UserServiceTest" time="0.774">
    <system-out><![CDATA[15:32:13.287 [main] INFO  c.e.modules.core.service.UserService - User created: admin
15:32:13.288 [main] INFO  c.e.m.core.service.AuditService - Audit: CREATE - Created user: admin on User (1) by system
]]></system-out>
  </testcase>
  <testcase name="testCreateUserFailsWhenUsernameExists" classname="com.econovafx.modules.core.service.UserServiceTest" time="0.002">
    <system-out><![CDATA[15:32:13.680 [main] WARN  c.e.m.core.service.AuditService - Audit FAILED: CREATE - Create user - username exists on User (null) by system - Error: Username already exists: testuser
]]></system-out>
  </testcase>
  <testcase name="testCreateUserFailsWhenEmailExists" classname="com.econovafx.modules.core.service.UserServiceTest" time="0.001">
    <system-out><![CDATA[15:32:13.682 [main] WARN  c.e.m.core.service.AuditService - Audit FAILED: CREATE - Create user - email exists on User (null) by system - Error: Email already exists: test@example.com
]]></system-out>
  </testcase>
  <testcase name="testCreateUserFailsWithNullUsername" classname="com.econovafx.modules.core.service.UserServiceTest" time="0.003"/>
  <testcase name="testUpdateUserSuccess" classname="com.econovafx.modules.core.service.UserServiceTest" time="0.353">
    <system-out><![CDATA[15:32:14.035 [main] INFO  c.e.modules.core.service.UserService - User created: testuser
15:32:14.035 [main] INFO  c.e.m.core.service.AuditService - Audit: CREATE - Created user: testuser on User (1) by system
15:32:14.038 [main] INFO  c.e.modules.core.service.UserService - User updated: testuser
15:32:14.038 [main] INFO  c.e.m.core.service.AuditService - Audit: UPDATE - Updated user: testuser on User (1) by system
]]></system-out>
  </testcase>
  <testcase name="testGetAllUsers" classname="com.econovafx.modules.core.service.UserServiceTest" time="1.165">
    <system-out><![CDATA[15:32:14.415 [main] INFO  c.e.modules.core.service.UserService - User created: user1
15:32:14.416 [main] INFO  c.e.m.core.service.AuditService - Audit: CREATE - Created user: user1 on User (1) by system
15:32:14.805 [main] INFO  c.e.modules.core.service.UserService - User created: user2
15:32:14.805 [main] INFO  c.e.m.core.service.AuditService - Audit: CREATE - Created user: user2 on User (2) by system
15:32:15.208 [main] INFO  c.e.modules.core.service.UserService - User created: user3
15:32:15.208 [main] INFO  c.e.m.core.service.AuditService - Audit: CREATE - Created user: user3 on User (3) by system
]]></system-out>
  </testcase>
  <testcase name="testAuthenticateFailsWhenUserInactive" classname="com.econovafx.modules.core.service.UserServiceTest" time="0.34">
    <system-out><![CDATA[15:32:15.550 [main] INFO  c.e.modules.core.service.UserService - User created: testuser
15:32:15.550 [main] INFO  c.e.m.core.service.AuditService - Audit: CREATE - Created user: testuser on User (1) by system
15:32:15.550 [main] WARN  c.e.m.core.service.AuditService - Audit FAILED: LOGIN - Login failed - user inactive on User (1) by testuser - Error: User is inactive: testuser
]]></system-out>
  </testcase>
  <testcase name="testAuthenticateFailsWithWrongPassword" classname="com.econovafx.modules.core.service.UserServiceTest" time="0.754">
    <system-out><![CDATA[15:32:15.925 [main] INFO  c.e.modules.core.service.UserService - User created: testuser
15:32:15.925 [main] INFO  c.e.m.core.service.AuditService - Audit: CREATE - Created user: testuser on User (1) by system
15:32:16.304 [main] WARN  c.e.m.core.service.AuditService - Audit FAILED: LOGIN - Login failed - invalid password on User (1) by testuser - Error: Invalid password for user: testuser
]]></system-out>
  </testcase>
  <testcase name="testHashPasswordCreatesExpectedFormat" classname="com.econovafx.modules.core.service.UserServiceTest" time="0.772">
    <system-out><![CDATA[15:32:16.705 [main] INFO  c.e.modules.core.service.UserService - User created: testuser
15:32:16.705 [main] INFO  c.e.m.core.service.AuditService - Audit: CREATE - Created user: testuser on User (1) by system
]]></system-out>
  </testcase>
  <testcase name="testUpdateUserFailsValidation" classname="com.econovafx.modules.core.service.UserServiceTest" time="0.001"/>
  <testcase name="testCreateUserFailsWithNullEmail" classname="com.econovafx.modules.core.service.UserServiceTest" time="0.0"/>
  <testcase name="testGetUsersCount" classname="com.econovafx.modules.core.service.UserServiceTest" time="0.794">
    <system-out><![CDATA[15:32:17.511 [main] INFO  c.e.modules.core.service.UserService - User created: user1
15:32:17.511 [main] INFO  c.e.m.core.service.AuditService - Audit: CREATE - Created user: user1 on User (1) by system
15:32:17.876 [main] INFO  c.e.modules.core.service.UserService - User created: user2
15:32:17.877 [main] INFO  c.e.m.core.service.AuditService - Audit: CREATE - Created user: user2 on User (2) by system
]]></system-out>
  </testcase>
  <testcase name="testDeleteUserSuccess" classname="com.econovafx.modules.core.service.UserServiceTest" time="0.393">
    <system-out><![CDATA[15:32:18.269 [main] INFO  c.e.modules.core.service.UserService - User created: testuser
15:32:18.269 [main] INFO  c.e.m.core.service.AuditService - Audit: CREATE - Created user: testuser on User (1) by system
15:32:18.270 [main] INFO  c.e.modules.core.service.UserService - User deleted: testuser
15:32:18.270 [main] INFO  c.e.m.core.service.AuditService - Audit: DELETE - Deleted user: testuser on User (1) by system
]]></system-out>
  </testcase>
  <testcase name="testCreateUserFailsWithNullFullName" classname="com.econovafx.modules.core.service.UserServiceTest" time="0.001"/>
  <testcase name="testAuthenticateFailsWhenUserNotFound" classname="com.econovafx.modules.core.service.UserServiceTest" time="0.001">
    <system-out><![CDATA[15:32:18.274 [main] WARN  c.e.m.core.service.AuditService - Audit FAILED: LOGIN - Login failed - user not found on User (null) by nonexistent - Error: User not found: nonexistent
]]></system-out>
  </testcase>
  <testcase name="testGetUserByUsername" classname="com.econovafx.modules.core.service.UserServiceTest" time="0.384">
    <system-out><![CDATA[15:32:18.658 [main] INFO  c.e.modules.core.service.UserService - User created: testuser
15:32:18.659 [main] INFO  c.e.m.core.service.AuditService - Audit: CREATE - Created user: testuser on User (1) by system
]]></system-out>
  </testcase>
  <testcase name="testCreateUserSuccess" classname="com.econovafx.modules.core.service.UserServiceTest" time="0.708">
    <system-out><![CDATA[15:32:19.032 [main] INFO  c.e.modules.core.service.UserService - User created: testuser
15:32:19.033 [main] INFO  c.e.m.core.service.AuditService - Audit: CREATE - Created user: testuser on User (1) by system
]]></system-out>
  </testcase>
  <testcase name="testVerifyPasswordWorksWithHashedPasswords" classname="com.econovafx.modules.core.service.UserServiceTest" time="1.059">
    <system-out><![CDATA[15:32:19.724 [main] INFO  c.e.modules.core.service.UserService - User created: testuser
15:32:19.724 [main] INFO  c.e.m.core.service.AuditService - Audit: CREATE - Created user: testuser on User (1) by system
15:32:20.096 [main] INFO  c.e.m.core.service.AuditService - Audit: LOGIN - User logged in successfully on User (1) by testuser
15:32:20.427 [main] WARN  c.e.m.core.service.AuditService - Audit FAILED: LOGIN - Login failed - invalid password on User (1) by testuser - Error: Invalid password for user: testuser
]]></system-out>
  </testcase>
  <testcase name="testCreateUserFailsWithEmptyUsername" classname="com.econovafx.modules.core.service.UserServiceTest" time="0.001"/>
  <testcase name="testGetUserById" classname="com.econovafx.modules.core.service.UserServiceTest" time="0.363">
    <system-out><![CDATA[15:32:20.790 [main] INFO  c.e.modules.core.service.UserService - User created: testuser
15:32:20.791 [main] INFO  c.e.m.core.service.AuditService - Audit: CREATE - Created user: testuser on User (1) by system
]]></system-out>
  </testcase>
  <testcase name="testGetActiveUsers" classname="com.econovafx.modules.core.service.UserServiceTest" time="0.749">
    <system-out><![CDATA[15:32:21.177 [main] INFO  c.e.modules.core.service.UserService - User created: user1
15:32:21.177 [main] INFO  c.e.m.core.service.AuditService - Audit: CREATE - Created user: user1 on User (1) by system
15:32:21.542 [main] INFO  c.e.modules.core.service.UserService - User created: user2
15:32:21.543 [main] INFO  c.e.m.core.service.AuditService - Audit: CREATE - Created user: user2 on User (2) by system
]]></system-out>
  </testcase>
  <testcase name="testUpdateUserFailsWhenNotFound" classname="com.econovafx.modules.core.service.UserServiceTest" time="0.001">
    <system-out><![CDATA[15:32:21.545 [main] WARN  c.e.m.core.service.AuditService - Audit FAILED: UPDATE - Update user - not found on User (999) by system - Error: User not found with ID: 999
]]></system-out>
  </testcase>
</testsuite>