<?xml version="1.0" encoding="UTF-8"?>
<testsuite xmlns:xsi="http://www.w3.org/2001/XMLSchema-instance" xsi:noNamespaceSchemaLocation="https://maven.apache.org/surefire/maven-surefire-plugin/xsd/surefire-test-report-3.0.xsd" version="3.0" name="com.econovafx.modules.accounting.repository.TransactionRepositoryTest" time="0.569" tests="10" errors="0" skipped="0" failures="0">
  <properties>
[...]
</properties>
  <testcase name="testFindById_NotExists" classname="com.econovafx.modules.accounting.repository.TransactionRepositoryTest" time="0.102"/>
  <testcase name="testFindAll" classname="com.econovafx.modules.accounting.repository.TransactionRepositoryTest" time="0.086">
    <system-out><![CDATA[12:10:06.228 [main] DEBUG c.e.m.core.repository.UserRepository - User saved: testuser3
12:10:06.234 [main] DEBUG c.e.m.a.repository.AccountRepository - Account saved: ACC-003
12:10:06.239 [main] DEBUG c.e.m.a.r.TransactionRepository - Transaction saved: TRX-003
12:10:06.240 [main] DEBUG c.e.m.a.r.TransactionRepository - Transaction saved: TRX-004
]]></system-out>
  </testcase>
  <testcase name="testSave_Success" classname="com.econovafx.modules.accounting.repository.TransactionRepositoryTest" time="0.037">
    <system-out><![CDATA[12:10:06.303 [main] DEBUG c.e.m.core.repository.UserRepository - User saved: testuser1
12:10:06.308 [main] DEBUG c.e.m.a.repository.AccountRepository - Account saved: ACC-001
12:10:06.311 [main] DEBUG c.e.m.a.r.TransactionRepository - Transaction saved: TRX-001
]]></system-out>
  </testcase>
  <testcase name="testDelete_Success" classname="com.econovafx.modules.accounting.repository.TransactionRepositoryTest" time="0.046">
    <system-out><![CDATA[12:10:06.340 [main] DEBUG c.e.m.core.repository.UserRepository - User saved: testuser4
12:10:06.343 [main] DEBUG c.e.m.a.repository.AccountRepository - Account saved: ACC-004
12:10:06.345 [main] DEBUG c.e.m.a.r.TransactionRepository - Transaction saved: TRX-005
12:10:06.361 [main] DEBUG c.e.m.a.r.TransactionRepository - Transaction deleted by ID: 4
]]></system-out>
  </testcase>
  <testcase name="testFindById_Exists" classname="com.econovafx.modules.accounting.repository.TransactionRepositoryTest" time="0.037">
    <system-out><![CDATA[12:10:06.384 [main] DEBUG c.e.m.core.repository.UserRepository - User saved: testuser2
12:10:06.388 [main] DEBUG c.e.m.a.repository.AccountRepository - Account saved: ACC-002
12:10:06.390 [main] DEBUG c.e.m.a.r.TransactionRepository - Transaction saved: TRX-002
]]></system-out>
  </testcase>
  <testcase name="testCount" classname="com.econovafx.modules.accounting.repository.TransactionRepositoryTest" time="0.044">
    <system-out><![CDATA[12:10:06.427 [main] DEBUG c.e.m.core.repository.UserRepository - User saved: testuser_count
12:10:06.435 [main] DEBUG c.e.m.a.repository.AccountRepository - Account saved: ACC-COUNT
12:10:06.437 [main] DEBUG c.e.m.a.r.TransactionRepository - Transaction saved: TRX-COUNT-1
12:10:06.438 [main] DEBUG c.e.m.a.r.TransactionRepository - Transaction saved: TRX-COUNT-2
12:10:06.439 [main] DEBUG c.e.m.a.r.TransactionRepository - Transaction saved: TRX-COUNT-3
12:10:06.440 [main] DEBUG c.e.m.a.r.TransactionRepository - Transaction saved: TRX-COUNT-4
]]></system-out>
  </testcase>
  <testcase name="testFindByType" classname="com.econovafx.modules.accounting.repository.TransactionRepositoryTest" time="0.038">
    <system-out><![CDATA[12:10:06.469 [main] DEBUG c.e.m.core.repository.UserRepository - User saved: testuser_type
12:10:06.471 [main] DEBUG c.e.m.a.repository.AccountRepository - Account saved: ACC-TYPE
12:10:06.472 [main] DEBUG c.e.m.a.r.TransactionRepository - Transaction saved: TRX-TYPE-1
12:10:06.473 [main] DEBUG c.e.m.a.r.TransactionRepository - Transaction saved: TRX-TYPE-2
12:10:06.474 [main] DEBUG c.e.m.a.r.TransactionRepository - Transaction saved: TRX-TYPE-3
]]></system-out>
  </testcase>
  <testcase name="testFindByDateRange" classname="com.econovafx.modules.accounting.repository.TransactionRepositoryTest" time="0.023">
    <system-out><![CDATA[12:10:06.503 [main] DEBUG c.e.m.core.repository.UserRepository - User saved: testuser_date
12:10:06.505 [main] DEBUG c.e.m.a.repository.AccountRepository - Account saved: ACC-DATE
12:10:06.506 [main] DEBUG c.e.m.a.r.TransactionRepository - Transaction saved: TRX-DATE-1
12:10:06.507 [main] DEBUG c.e.m.a.r.TransactionRepository - Transaction saved: TRX-DATE-2
12:10:06.508 [main] DEBUG c.e.m.a.r.TransactionRepository - Transaction saved: TRX-DATE-3
]]></system-out>
  </testcase>
  <testcase name="testSearchByDescription" classname="com.econovafx.modules.accounting.repository.TransactionRepositoryTest" time="0.034">
    <system-out><![CDATA[12:10:06.535 [main] DEBUG c.e.m.core.repository.UserRepository - User saved: testuser8
12:10:06.537 [main] DEBUG c.e.m.a.repository.AccountRepository - Account saved: ACC-008
12:10:06.538 [main] DEBUG c.e.m.a.r.TransactionRepository - Transaction saved: TRX-016
12:10:06.539 [main] DEBUG c.e.m.a.r.TransactionRepository - Transaction saved: TRX-017
12:10:06.540 [main] DEBUG c.e.m.a.r.TransactionRepository - Transaction saved: TRX-018
]]></system-out>
  </testcase>
  <testcase name="testFindByThirdParty" classname="com.econovafx.modules.accounting.repository.TransactionRepositoryTest" time="0.106">
    <system-out><![CDATA[12:10:06.574 [main] DEBUG c.e.m.core.repository.UserRepository - User saved: testuser9
12:10:06.576 [main] DEBUG c.e.m.a.repository.AccountRepository - Account saved: ACC-009
12:10:06.578 [main] DEBUG c.e.m.a.repository.AccountRepository - Account saved: ACC-010
12:10:06.589 [main] DEBUG c.e.m.a.r.TransactionRepository - Transaction saved: TRX-019
12:10:06.590 [main] DEBUG c.e.m.a.r.TransactionRepository - Transaction saved: TRX-020
12:10:06.592 [main] DEBUG c.e.m.a.r.TransactionRepository - Transaction saved: TRX-021
12:10:06.593 [main] DEBUG c.e.m.a.r.TransactionRepository - Transaction saved: TRX-022
]]></system-out>
  </testcase>
</testsuite>