<?xml version="1.0" encoding="UTF-8"?>
<testsuite xmlns:xsi="http://www.w3.org/2001/XMLSchema-instance" xsi:noNamespaceSchemaLocation="https://maven.apache.org/surefire/maven-surefire-plugin/xsd/surefire-test-report-3.0.xsd" version="3.0" name="com.econovafx.ApplicationStartupTest" time="5.107" tests="4" errors="2" skipped="0" failures="1">
  <properties>
[...]
</properties>
  <testcase name="testDatabaseConnection" classname="com.econovafx.ApplicationStartupTest" time="3.811">
    <error type="java.lang.ExceptionInInitializerError"><![CDATA[java.lang.ExceptionInInitializerError
	at io.ebean.DB.<clinit>(DB.java:63)
	at com.econovafx.ApplicationStartupTest.testDatabaseConnection(ApplicationStartupTest.java:76)
	at java.base/java.lang.reflect.Method.invoke(Method.java:569)
	at java.base/java.util.ArrayList.forEach(ArrayList.java:1511)
	at java.base/java.util.ArrayList.forEach(ArrayList.java:1511)
Caused by: java.lang.RuntimeException: java.lang.RuntimeException: Error reading annotations for com.econovafx.modules.reporting.model.FinancialReport
	at io.ebean.DbContext.<init>(DbContext.java:54)
	at io.ebean.DbContext.<clinit>(DbContext.java:23)
	... 5 more
Caused by: java.lang.RuntimeException: Error reading annotations for com.econovafx.modules.reporting.model.FinancialReport
	at io.ebeaninternal.server.deploy.parse.ReadAnnotations.readAssociations(ReadAnnotations.java:55)
	at io.ebeaninternal.server.deploy.BeanDescriptorManager.readDeployAssociations(BeanDescriptorManager.java:1032)
	at io.ebeaninternal.server.deploy.BeanDescriptorManager.readEntityDeploymentAssociations(BeanDescriptorManager.java:614)
	at io.ebeaninternal.server.deploy.BeanDescriptorManager.deploy(BeanDescriptorManager.java:275)
	at io.ebeaninternal.server.core.InternalConfiguration.<init>(InternalConfiguration.java:112)
	at io.ebeaninternal.server.core.DefaultContainer.createServer(DefaultContainer.java:114)
	at io.ebeaninternal.server.core.DefaultContainer.createServer(DefaultContainer.java:69)
	at io.ebeaninternal.server.core.DefaultContainer.createServer(DefaultContainer.java:33)
	at io.ebean.DatabaseFactory.create(DatabaseFactory.java:60)
	at io.ebean.DbContext.getWithCreate(DbContext.java:102)
	at io.ebean.DbContext.<init>(DbContext.java:37)
	... 6 more
Caused by: io.ebean.config.BeanNotRegisteredException: Could not find BeanDescriptor for class com.econovafx.modules.reporting.model.ReportLine. Perhaps the EmbeddedId class is not registered? See https://ebean.io/docs/trouble-shooting#not-registered
	at io.ebeaninternal.server.deploy.BeanEmbeddedMetaFactory.create(BeanEmbeddedMetaFactory.java:26)
	at io.ebeaninternal.server.deploy.BeanPropertyAssocOne.<init>(BeanPropertyAssocOne.java:76)
	at io.ebeaninternal.server.deploy.meta.DeployBeanPropertyLists.createBeanProperty(DeployBeanPropertyLists.java:387)
	at io.ebeaninternal.server.deploy.meta.DeployBeanPropertyLists.<init>(DeployBeanPropertyLists.java:61)
	at io.ebeaninternal.server.deploy.BeanDescriptor.<init>(BeanDescriptor.java:247)
	at io.ebeaninternal.server.deploy.BeanDescriptorElement.<init>(BeanDescriptorElement.java:21)
	at io.ebeaninternal.server.deploy.BeanDescriptorElementEmbedded.<init>(BeanDescriptorElementEmbedded.java:24)
	at io.ebeaninternal.server.deploy.BeanDescriptorManager.createElementDescriptor(BeanDescriptorManager.java:1327)
	at io.ebeaninternal.server.deploy.parse.AnnotationAssocManys.readElementCollection(AnnotationAssocManys.java:271)
	at io.ebeaninternal.server.deploy.parse.AnnotationAssocManys.read(AnnotationAssocManys.java:95)
	at io.ebeaninternal.server.deploy.parse.AnnotationAssocManys.parse(AnnotationAssocManys.java:57)
	at io.ebeaninternal.server.deploy.parse.ReadAnnotations.readAssociations(ReadAnnotations.java:48)
	... 16 more
]]></error>
    <system-out><![CDATA[15:31:13.318 [main] INFO  c.econovafx.ApplicationStartupTest - Setting up application startup test...
15:31:13.323 [main] INFO  c.econovafx.ApplicationStartupTest - Database initialized by ebean-test
15:31:13.410 [main] INFO  c.econovafx.ApplicationStartupTest - Testing database connection...
15:31:13.421 [main] INFO  io.ebean - ebean version: 17.11.0
15:31:13.508 [main] INFO  io.avaje.config - Loaded properties from [resource:application.properties, resource:application-test.properties] 
15:31:13.645 [Thread-3] INFO  io.ebean.test - Using jdbc settings - username:sa url:jdbc:h2:mem:testdb driver:org.h2.Driver
15:31:13.717 [main] INFO  io.ebean.test - for testing purposes a current user provider has been configured. Use io.ebean.test.UserContext to set current user in tests.
15:31:15.218 [main] INFO  io.ebean.datasource - DataSource [db] autoCommit[false] [READ_COMMITTED] min[2] max[200] in[1,268ms]
15:31:16.816 [main] WARN  io.ebean.core - Huh??? property com.econovafx.modules.assets.model.FixedAsset.isActive being defined twice but replaced property was not transient? This is not expected?
15:31:17.118 [main] ERROR io.ebean.internal - Error in deployment
java.lang.RuntimeException: Error reading annotations for com.econovafx.modules.reporting.model.FinancialReport
	at io.ebeaninternal.server.deploy.parse.ReadAnnotations.readAssociations(ReadAnnotations.java:55)
	at io.ebeaninternal.server.deploy.BeanDescriptorManager.readDeployAssociations(BeanDescriptorManager.java:1032)
	at io.ebeaninternal.server.deploy.BeanDescriptorManager.readEntityDeploymentAssociations(BeanDescriptorManager.java:614)
	at io.ebeaninternal.server.deploy.BeanDescriptorManager.deploy(BeanDescriptorManager.java:275)
	at io.ebeaninternal.server.core.InternalConfiguration.<init>(InternalConfiguration.java:112)
	at io.ebeaninternal.server.core.DefaultContainer.createServer(DefaultContainer.java:114)
	at io.ebeaninternal.server.core.DefaultContainer.createServer(DefaultContainer.java:69)
	at io.ebeaninternal.server.core.DefaultContainer.createServer(DefaultContainer.java:33)
	at io.ebean.DatabaseFactory.create(DatabaseFactory.java:60)
	at io.ebean.DbContext.getWithCreate(DbContext.java:102)
	at io.ebean.DbContext.<init>(DbContext.java:37)
	at io.ebean.DbContext.<clinit>(DbContext.java:23)
	at io.ebean.DB.<clinit>(DB.java:63)
	at com.econovafx.ApplicationStartupTest.testDatabaseConnection(ApplicationStartupTest.java:76)
	at java.base/jdk.internal.reflect.NativeMethodAccessorImpl.invoke0(Native Method)
	at java.base/jdk.internal.reflect.NativeMethodAccessorImpl.invoke(NativeMethodAccessorImpl.java:77)
	at java.base/jdk.internal.reflect.DelegatingMethodAccessorImpl.invoke(DelegatingMethodAccessorImpl.java:43)
	at java.base/java.lang.reflect.Method.invoke(Method.java:569)
	at org.junit.platform.commons.util.ReflectionUtils.invokeMethod(ReflectionUtils.java:766)
	at org.junit.jupiter.engine.execution.MethodInvocation.proceed(MethodInvocation.java:60)
	at org.junit.jupiter.engine.execution.InvocationInterceptorChain$ValidatingInvocation.proceed(InvocationInterceptorChain.java:131)
	at org.junit.jupiter.engine.extension.TimeoutExtension.intercept(TimeoutExtension.java:156)
	at org.junit.jupiter.engine.extension.TimeoutExtension.interceptTestableMethod(TimeoutExtension.java:147)
	at org.junit.jupiter.engine.extension.TimeoutExtension.interceptTestMethod(TimeoutExtension.java:86)
	at org.junit.jupiter.engine.execution.InterceptingExecutableInvoker$ReflectiveInterceptorCall.lambda$ofVoidMethod$0(InterceptingExecutableInvoker.java:103)
	at org.junit.jupiter.engine.execution.InterceptingExecutableInvoker.lambda$invoke$0(InterceptingExecutableInvoker.java:93)
	at org.junit.jupiter.engine.execution.InvocationInterceptorChain$InterceptedInvocation.proceed(InvocationInterceptorChain.java:106)
	at org.junit.jupiter.engine.execution.InvocationInterceptorChain.proceed(InvocationInterceptorChain.java:64)
	at org.junit.jupiter.engine.execution.InvocationInterceptorChain.chainAndInvoke(InvocationInterceptorChain.java:45)
	at org.junit.jupiter.engine.execution.InvocationInterceptorChain.invoke(InvocationInterceptorChain.java:37)
	at org.junit.jupiter.engine.execution.InterceptingExecutableInvoker.invoke(InterceptingExecutableInvoker.java:92)
	at org.junit.jupiter.engine.execution.InterceptingExecutableInvoker.invoke(InterceptingExecutableInvoker.java:86)
	at org.junit.jupiter.engine.descriptor.TestMethodTestDescriptor.lambda$invokeTestMethod$8(TestMethodTestDescriptor.java:217)
	at org.junit.platform.engine.support.hierarchical.ThrowableCollector.execute(ThrowableCollector.java:73)
	at org.junit.jupiter.engine.descriptor.TestMethodTestDescriptor.invokeTestMethod(TestMethodTestDescriptor.java:213)
	at org.junit.jupiter.engine.descriptor.TestMethodTestDescriptor.execute(TestMethodTestDescriptor.java:138)
	at org.junit.jupiter.engine.descriptor.TestMethodTestDescriptor.execute(TestMethodTestDescriptor.java:68)
	at org.junit.platform.engine.support.hierarchical.NodeTestTask.lambda$executeRecursively$6(NodeTestTask.java:151)
	at org.junit.platform.engine.support.hierarchical.ThrowableCollector.execute(ThrowableCollector.java:73)
	at org.junit.platform.engine.support.hierarchical.NodeTestTask.lambda$executeRecursively$8(NodeTestTask.java:141)
	at org.junit.platform.engine.support.hierarchical.Node.around(Node.java:137)
	at org.junit.platform.engine.support.hierarchical.NodeTestTask.lambda$executeRecursively$9(NodeTestTask.java:139)
	at org.junit.platform.engine.support.hierarchical.ThrowableCollector.execute(ThrowableCollector.java:73)
	at org.junit.platform.engine.support.hierarchical.NodeTestTask.executeRecursively(NodeTestTask.java:138)
	at org.junit.platform.engine.support.hierarchical.NodeTestTask.execute(NodeTestTask.java:95)
	at java.base/java.util.ArrayList.forEach(ArrayList.java:1511)
	at org.junit.platform.engine.support.hierarchical.SameThreadHierarchicalTestExecutorService.invokeAll(SameThreadHierarchicalTestExecutorService.java:41)
	at org.junit.platform.engine.support.hierarchical.NodeTestTask.lambda$executeRecursively$6(NodeTestTask.java:155)
	at org.junit.platform.engine.support.hierarchical.ThrowableCollector.execute(ThrowableCollector.java:73)
	at org.junit.platform.engine.support.hierarchical.NodeTestTask.lambda$executeRecursively$8(NodeTestTask.java:141)
	at org.junit.platform.engine.support.hierarchical.Node.around(Node.java:137)
	at org.junit.platform.engine.support.hierarchical.NodeTestTask.lambda$executeRecursively$9(NodeTestTask.java:139)
	at org.junit.platform.engine.support.hierarchical.ThrowableCollector.execute(ThrowableCollector.java:73)
	at org.junit.platform.engine.support.hierarchical.NodeTestTask.executeRecursively(NodeTestTask.java:138)
	at org.junit.platform.engine.support.hierarchical.NodeTestTask.execute(NodeTestTask.java:95)
	at java.base/java.util.ArrayList.forEach(ArrayList.java:1511)
	at org.junit.platform.engine.support.hierarchical.SameThreadHierarchicalTestExecutorService.invokeAll(SameThreadHierarchicalTestExecutorService.java:41)
	at org.junit.platform.engine.support.hierarchical.NodeTestTask.lambda$executeRecursively$6(NodeTestTask.java:155)
	at org.junit.platform.engine.support.hierarchical.ThrowableCollector.execute(ThrowableCollector.java:73)
	at org.junit.platform.engine.support.hierarchical.NodeTestTask.lambda$executeRecursively$8(NodeTestTask.java:141)
	at org.junit.platform.engine.support.hierarchical.Node.around(Node.java:137)
	at org.junit.platform.engine.support.hierarchical.NodeTestTask.lambda$executeRecursively$9(NodeTestTask.java:139)
	at org.junit.platform.engine.support.hierarchical.ThrowableCollector.execute(ThrowableCollector.java:73)
	at org.junit.platform.engine.support.hierarchical.NodeTestTask.executeRecursively(NodeTestTask.java:138)
	at org.junit.platform.engine.support.hierarchical.NodeTestTask.execute(NodeTestTask.java:95)
	at org.junit.platform.engine.support.hierarchical.SameThreadHierarchicalTestExecutorService.submit(SameThreadHierarchicalTestExecutorService.java:35)
	at org.junit.platform.engine.support.hierarchical.HierarchicalTestExecutor.execute(HierarchicalTestExecutor.java:57)
	at org.junit.platform.engine.support.hierarchical.HierarchicalTestEngine.execute(HierarchicalTestEngine.java:54)
	at org.junit.platform.launcher.core.EngineExecutionOrchestrator.execute(EngineExecutionOrchestrator.java:198)
	at org.junit.platform.launcher.core.EngineExecutionOrchestrator.execute(EngineExecutionOrchestrator.java:169)
	at org.junit.platform.launcher.core.EngineExecutionOrchestrator.execute(EngineExecutionOrchestrator.java:93)
	at org.junit.platform.launcher.core.EngineExecutionOrchestrator.lambda$execute$0(EngineExecutionOrchestrator.java:58)
	at org.junit.platform.launcher.core.EngineExecutionOrchestrator.withInterceptedStreams(EngineExecutionOrchestrator.java:141)
	at org.junit.platform.launcher.core.EngineExecutionOrchestrator.execute(EngineExecutionOrchestrator.java:57)
	at org.junit.platform.launcher.core.DefaultLauncher.execute(DefaultLauncher.java:103)
	at org.junit.platform.launcher.core.DefaultLauncher.execute(DefaultLauncher.java:85)
	at org.junit.platform.launcher.core.DelegatingLauncher.execute(DelegatingLauncher.java:47)
	at org.apache.maven.surefire.junitplatform.LazyLauncher.execute(LazyLauncher.java:56)
	at org.apache.maven.surefire.junitplatform.JUnitPlatformProvider.execute(JUnitPlatformProvider.java:184)
	at org.apache.maven.surefire.junitplatform.JUnitPlatformProvider.invokeAllTests(JUnitPlatformProvider.java:148)
	at org.apache.maven.surefire.junitplatform.JUnitPlatformProvider.invoke(JUnitPlatformProvider.java:122)
	at org.apache.maven.surefire.booter.ForkedBooter.runSuitesInProcess(ForkedBooter.java:385)
	at org.apache.maven.surefire.booter.ForkedBooter.execute(ForkedBooter.java:162)
	at org.apache.maven.surefire.booter.ForkedBooter.run(ForkedBooter.java:507)
	at org.apache.maven.surefire.booter.ForkedBooter.main(ForkedBooter.java:495)
Caused by: io.ebean.config.BeanNotRegisteredException: Could not find BeanDescriptor for class com.econovafx.modules.reporting.model.ReportLine. Perhaps the EmbeddedId class is not registered? See https://ebean.io/docs/trouble-shooting#not-registered
	at io.ebeaninternal.server.deploy.BeanEmbeddedMetaFactory.create(BeanEmbeddedMetaFactory.java:26)
	at io.ebeaninternal.server.deploy.BeanPropertyAssocOne.<init>(BeanPropertyAssocOne.java:76)
	at io.ebeaninternal.server.deploy.meta.DeployBeanPropertyLists.createBeanProperty(DeployBeanPropertyLists.java:387)
	at io.ebeaninternal.server.deploy.meta.DeployBeanPropertyLists.<init>(DeployBeanPropertyLists.java:61)
	at io.ebeaninternal.server.deploy.BeanDescriptor.<init>(BeanDescriptor.java:247)
	at io.ebeaninternal.server.deploy.BeanDescriptorElement.<init>(BeanDescriptorElement.java:21)
	at io.ebeaninternal.server.deploy.BeanDescriptorElementEmbedded.<init>(BeanDescriptorElementEmbedded.java:24)
	at io.ebeaninternal.server.deploy.BeanDescriptorManager.createElementDescriptor(BeanDescriptorManager.java:1327)
	at io.ebeaninternal.server.deploy.parse.AnnotationAssocManys.readElementCollection(AnnotationAssocManys.java:271)
	at io.ebeaninternal.server.deploy.parse.AnnotationAssocManys.read(AnnotationAssocManys.java:95)
	at io.ebeaninternal.server.deploy.parse.AnnotationAssocManys.parse(AnnotationAssocManys.java:57)
	at io.ebeaninternal.server.deploy.parse.ReadAnnotations.readAssociations(ReadAnnotations.java:48)
	... 84 common frames omitted
15:31:17.123 [main] ERROR io.ebean - Error trying to create the default Database
java.lang.RuntimeException: Error reading annotations for com.econovafx.modules.reporting.model.FinancialReport
	at io.ebeaninternal.server.deploy.parse.ReadAnnotations.readAssociations(ReadAnnotations.java:55)
	at io.ebeaninternal.server.deploy.BeanDescriptorManager.readDeployAssociations(BeanDescriptorManager.java:1032)
	at io.ebeaninternal.server.deploy.BeanDescriptorManager.readEntityDeploymentAssociations(BeanDescriptorManager.java:614)
	at io.ebeaninternal.server.deploy.BeanDescriptorManager.deploy(BeanDescriptorManager.java:275)
	at io.ebeaninternal.server.core.InternalConfiguration.<init>(InternalConfiguration.java:112)
	at io.ebeaninternal.server.core.DefaultContainer.createServer(DefaultContainer.java:114)
	at io.ebeaninternal.server.core.DefaultContainer.createServer(DefaultContainer.java:69)
	at io.ebeaninternal.server.core.DefaultContainer.createServer(DefaultContainer.java:33)
	at io.ebean.DatabaseFactory.create(DatabaseFactory.java:60)
	at io.ebean.DbContext.getWithCreate(DbContext.java:102)
	at io.ebean.DbContext.<init>(DbContext.java:37)
	at io.ebean.DbContext.<clinit>(DbContext.java:23)
	at io.ebean.DB.<clinit>(DB.java:63)
	at com.econovafx.ApplicationStartupTest.testDatabaseConnection(ApplicationStartupTest.java:76)
	at java.base/jdk.internal.reflect.NativeMethodAccessorImpl.invoke0(Native Method)
	at java.base/jdk.internal.reflect.NativeMethodAccessorImpl.invoke(NativeMethodAccessorImpl.java:77)
	at java.base/jdk.internal.reflect.DelegatingMethodAccessorImpl.invoke(DelegatingMethodAccessorImpl.java:43)
	at java.base/java.lang.reflect.Method.invoke(Method.java:569)
	at org.junit.platform.commons.util.ReflectionUtils.invokeMethod(ReflectionUtils.java:766)
	at org.junit.jupiter.engine.execution.MethodInvocation.proceed(MethodInvocation.java:60)
	at org.junit.jupiter.engine.execution.InvocationInterceptorChain$ValidatingInvocation.proceed(InvocationInterceptorChain.java:131)
	at org.junit.jupiter.engine.extension.TimeoutExtension.intercept(TimeoutExtension.java:156)
	at org.junit.jupiter.engine.extension.TimeoutExtension.interceptTestableMethod(TimeoutExtension.java:147)
	at org.junit.jupiter.engine.extension.TimeoutExtension.interceptTestMethod(TimeoutExtension.java:86)
	at org.junit.jupiter.engine.execution.InterceptingExecutableInvoker$ReflectiveInterceptorCall.lambda$ofVoidMethod$0(InterceptingExecutableInvoker.java:103)
	at org.junit.jupiter.engine.execution.InterceptingExecutableInvoker.lambda$invoke$0(InterceptingExecutableInvoker.java:93)
	at org.junit.jupiter.engine.execution.InvocationInterceptorChain$InterceptedInvocation.proceed(InvocationInterceptorChain.java:106)
	at org.junit.jupiter.engine.execution.InvocationInterceptorChain.proceed(InvocationInterceptorChain.java:64)
	at org.junit.jupiter.engine.execution.InvocationInterceptorChain.chainAndInvoke(InvocationInterceptorChain.java:45)
	at org.junit.jupiter.engine.execution.InvocationInterceptorChain.invoke(InvocationInterceptorChain.java:37)
	at org.junit.jupiter.engine.execution.InterceptingExecutableInvoker.invoke(InterceptingExecutableInvoker.java:92)
	at org.junit.jupiter.engine.execution.InterceptingExecutableInvoker.invoke(InterceptingExecutableInvoker.java:86)
	at org.junit.jupiter.engine.descriptor.TestMethodTestDescriptor.lambda$invokeTestMethod$8(TestMethodTestDescriptor.java:217)
	at org.junit.platform.engine.support.hierarchical.ThrowableCollector.execute(ThrowableCollector.java:73)
	at org.junit.jupiter.engine.descriptor.TestMethodTestDescriptor.invokeTestMethod(TestMethodTestDescriptor.java:213)
	at org.junit.jupiter.engine.descriptor.TestMethodTestDescriptor.execute(TestMethodTestDescriptor.java:138)
	at org.junit.jupiter.engine.descriptor.TestMethodTestDescriptor.execute(TestMethodTestDescriptor.java:68)
	at org.junit.platform.engine.support.hierarchical.NodeTestTask.lambda$executeRecursively$6(NodeTestTask.java:151)
	at org.junit.platform.engine.support.hierarchical.ThrowableCollector.execute(ThrowableCollector.java:73)
	at org.junit.platform.engine.support.hierarchical.NodeTestTask.lambda$executeRecursively$8(NodeTestTask.java:141)
	at org.junit.platform.engine.support.hierarchical.Node.around(Node.java:137)
	at org.junit.platform.engine.support.hierarchical.NodeTestTask.lambda$executeRecursively$9(NodeTestTask.java:139)
	at org.junit.platform.engine.support.hierarchical.ThrowableCollector.execute(ThrowableCollector.java:73)
	at org.junit.platform.engine.support.hierarchical.NodeTestTask.executeRecursively(NodeTestTask.java:138)
	at org.junit.platform.engine.support.hierarchical.NodeTestTask.execute(NodeTestTask.java:95)
	at java.base/java.util.ArrayList.forEach(ArrayList.java:1511)
	at org.junit.platform.engine.support.hierarchical.SameThreadHierarchicalTestExecutorService.invokeAll(SameThreadHierarchicalTestExecutorService.java:41)
	at org.junit.platform.engine.support.hierarchical.NodeTestTask.lambda$executeRecursively$6(NodeTestTask.java:155)
	at org.junit.platform.engine.support.hierarchical.ThrowableCollector.execute(ThrowableCollector.java:73)
	at org.junit.platform.engine.support.hierarchical.NodeTestTask.lambda$executeRecursively$8(NodeTestTask.java:141)
	at org.junit.platform.engine.support.hierarchical.Node.around(Node.java:137)
	at org.junit.platform.engine.support.hierarchical.NodeTestTask.lambda$executeRecursively$9(NodeTestTask.java:139)
	at org.junit.platform.engine.support.hierarchical.ThrowableCollector.execute(ThrowableCollector.java:73)
	at org.junit.platform.engine.support.hierarchical.NodeTestTask.executeRecursively(NodeTestTask.java:138)
	at org.junit.platform.engine.support.hierarchical.NodeTestTask.execute(NodeTestTask.java:95)
	at java.base/java.util.ArrayList.forEach(ArrayList.java:1511)
	at org.junit.platform.engine.support.hierarchical.SameThreadHierarchicalTestExecutorService.invokeAll(SameThreadHierarchicalTestExecutorService.java:41)
	at org.junit.platform.engine.support.hierarchical.NodeTestTask.lambda$executeRecursively$6(NodeTestTask.java:155)
	at org.junit.platform.engine.support.hierarchical.ThrowableCollector.execute(ThrowableCollector.java:73)
	at org.junit.platform.engine.support.hierarchical.NodeTestTask.lambda$executeRecursively$8(NodeTestTask.java:141)
	at org.junit.platform.engine.support.hierarchical.Node.around(Node.java:137)
	at org.junit.platform.engine.support.hierarchical.NodeTestTask.lambda$executeRecursively$9(NodeTestTask.java:139)
	at org.junit.platform.engine.support.hierarchical.ThrowableCollector.execute(ThrowableCollector.java:73)
	at org.junit.platform.engine.support.hierarchical.NodeTestTask.executeRecursively(NodeTestTask.java:138)
	at org.junit.platform.engine.support.hierarchical.NodeTestTask.execute(NodeTestTask.java:95)
	at org.junit.platform.engine.support.hierarchical.SameThreadHierarchicalTestExecutorService.submit(SameThreadHierarchicalTestExecutorService.java:35)
	at org.junit.platform.engine.support.hierarchical.HierarchicalTestExecutor.execute(HierarchicalTestExecutor.java:57)
	at org.junit.platform.engine.support.hierarchical.HierarchicalTestEngine.execute(HierarchicalTestEngine.java:54)
	at org.junit.platform.launcher.core.EngineExecutionOrchestrator.execute(EngineExecutionOrchestrator.java:198)
	at org.junit.platform.launcher.core.EngineExecutionOrchestrator.execute(EngineExecutionOrchestrator.java:169)
	at org.junit.platform.launcher.core.EngineExecutionOrchestrator.execute(EngineExecutionOrchestrator.java:93)
	at org.junit.platform.launcher.core.EngineExecutionOrchestrator.lambda$execute$0(EngineExecutionOrchestrator.java:58)
	at org.junit.platform.launcher.core.EngineExecutionOrchestrator.withInterceptedStreams(EngineExecutionOrchestrator.java:141)
	at org.junit.platform.launcher.core.EngineExecutionOrchestrator.execute(EngineExecutionOrchestrator.java:57)
	at org.junit.platform.launcher.core.DefaultLauncher.execute(DefaultLauncher.java:103)
	at org.junit.platform.launcher.core.DefaultLauncher.execute(DefaultLauncher.java:85)
	at org.junit.platform.launcher.core.DelegatingLauncher.execute(DelegatingLauncher.java:47)
	at org.apache.maven.surefire.junitplatform.LazyLauncher.execute(LazyLauncher.java:56)
	at org.apache.maven.surefire.junitplatform.JUnitPlatformProvider.execute(JUnitPlatformProvider.java:184)
	at org.apache.maven.surefire.junitplatform.JUnitPlatformProvider.invokeAllTests(JUnitPlatformProvider.java:148)
	at org.apache.maven.surefire.junitplatform.JUnitPlatformProvider.invoke(JUnitPlatformProvider.java:122)
	at org.apache.maven.surefire.booter.ForkedBooter.runSuitesInProcess(ForkedBooter.java:385)
	at org.apache.maven.surefire.booter.ForkedBooter.execute(ForkedBooter.java:162)
	at org.apache.maven.surefire.booter.ForkedBooter.run(ForkedBooter.java:507)
	at org.apache.maven.surefire.booter.ForkedBooter.main(ForkedBooter.java:495)
Caused by: io.ebean.config.BeanNotRegisteredException: Could not find BeanDescriptor for class com.econovafx.modules.reporting.model.ReportLine. Perhaps the EmbeddedId class is not registered? See https://ebean.io/docs/trouble-shooting#not-registered
	at io.ebeaninternal.server.deploy.BeanEmbeddedMetaFactory.create(BeanEmbeddedMetaFactory.java:26)
	at io.ebeaninternal.server.deploy.BeanPropertyAssocOne.<init>(BeanPropertyAssocOne.java:76)
	at io.ebeaninternal.server.deploy.meta.DeployBeanPropertyLists.createBeanProperty(DeployBeanPropertyLists.java:387)
	at io.ebeaninternal.server.deploy.meta.DeployBeanPropertyLists.<init>(DeployBeanPropertyLists.java:61)
	at io.ebeaninternal.server.deploy.BeanDescriptor.<init>(BeanDescriptor.java:247)
	at io.ebeaninternal.server.deploy.BeanDescriptorElement.<init>(BeanDescriptorElement.java:21)
	at io.ebeaninternal.server.deploy.BeanDescriptorElementEmbedded.<init>(BeanDescriptorElementEmbedded.java:24)
	at io.ebeaninternal.server.deploy.BeanDescriptorManager.createElementDescriptor(BeanDescriptorManager.java:1327)
	at io.ebeaninternal.server.deploy.parse.AnnotationAssocManys.readElementCollection(AnnotationAssocManys.java:271)
	at io.ebeaninternal.server.deploy.parse.AnnotationAssocManys.read(AnnotationAssocManys.java:95)
	at io.ebeaninternal.server.deploy.parse.AnnotationAssocManys.parse(AnnotationAssocManys.java:57)
	at io.ebeaninternal.server.deploy.parse.ReadAnnotations.readAssociations(ReadAnnotations.java:48)
	... 84 common frames omitted
]]></system-out>
  </testcase>
  <testcase name="testApplicationInitializationWithDependencyInjection" classname="com.econovafx.ApplicationStartupTest" time="0.305">
    <system-out><![CDATA[15:31:17.205 [main] INFO  c.econovafx.ApplicationStartupTest - Testing application initialization with AppContext dependency injection...
15:31:17.217 [main] INFO  com.econovafx.App - Initializing EconoNova FX Application v1.0.0
15:31:17.446 [main] INFO  com.econovafx.App - Lato font family loaded successfully
15:31:17.506 [main] INFO  com.econovafx.App - I18n initialized with locale: es_CU
15:31:17.507 [main] INFO  c.econovafx.ApplicationStartupTest - Application initialization test passed - AppContext correctly deferred to start()
]]></system-out>
  </testcase>
  <testcase name="testDatabaseInitialization" classname="com.econovafx.ApplicationStartupTest" time="0.006">
    <error message="Could not initialize class io.ebean.DB" type="java.lang.NoClassDefFoundError"><![CDATA[java.lang.NoClassDefFoundError: Could not initialize class io.ebean.DB
	at com.econovafx.ApplicationStartupTest.testDatabaseInitialization(ApplicationStartupTest.java:60)
	at java.base/java.lang.reflect.Method.invoke(Method.java:569)
	at java.base/java.util.ArrayList.forEach(ArrayList.java:1511)
	at java.base/java.util.ArrayList.forEach(ArrayList.java:1511)
Caused by: java.lang.ExceptionInInitializerError: Exception java.lang.ExceptionInInitializerError [in thread "main"]
	at io.ebean.DB.<clinit>(DB.java:63)
	at com.econovafx.ApplicationStartupTest.testDatabaseConnection(ApplicationStartupTest.java:76)
	... 3 more
]]></error>
    <system-out><![CDATA[15:31:17.512 [main] INFO  c.econovafx.ApplicationStartupTest - Testing database initialization...
]]></system-out>
  </testcase>
  <testcase name="testFullStartupSimulation" classname="com.econovafx.ApplicationStartupTest" time="0.009">
    <failure message="Full startup simulation (2 failures)&#10;	java.lang.NoClassDefFoundError: Could not initialize class io.ebean.DB&#10;	java.lang.NoClassDefFoundError: Could not initialize class io.ebean.DB" type="org.opentest4j.MultipleFailuresError"><![CDATA[org.opentest4j.MultipleFailuresError: 
Full startup simulation (2 failures)
	java.lang.NoClassDefFoundError: Could not initialize class io.ebean.DB
	java.lang.NoClassDefFoundError: Could not initialize class io.ebean.DB
	at org.junit.jupiter.api.AssertAll.assertAll(AssertAll.java:80)
	at org.junit.jupiter.api.AssertAll.assertAll(AssertAll.java:44)
	at org.junit.jupiter.api.Assertions.assertAll(Assertions.java:2961)
	at com.econovafx.ApplicationStartupTest.testFullStartupSimulation(ApplicationStartupTest.java:94)
	at java.base/java.lang.reflect.Method.invoke(Method.java:569)
	at java.base/java.util.ArrayList.forEach(ArrayList.java:1511)
	at java.base/java.util.ArrayList.forEach(ArrayList.java:1511)
	Suppressed: java.lang.NoClassDefFoundError: Could not initialize class io.ebean.DB
		at com.econovafx.ApplicationStartupTest.lambda$testFullStartupSimulation$1(ApplicationStartupTest.java:96)
		at org.junit.jupiter.api.AssertAll.lambda$assertAll$0(AssertAll.java:68)
		at java.base/java.util.stream.ReferencePipeline$3$1.accept(ReferencePipeline.java:197)
		at java.base/java.util.Spliterators$ArraySpliterator.forEachRemaining(Spliterators.java:992)
		at java.base/java.util.stream.AbstractPipeline.copyInto(AbstractPipeline.java:509)
		at java.base/java.util.stream.AbstractPipeline.wrapAndCopyInto(AbstractPipeline.java:499)
		at java.base/java.util.stream.ReduceOps$ReduceOp.evaluateSequential(ReduceOps.java:921)
		at java.base/java.util.stream.AbstractPipeline.evaluate(AbstractPipeline.java:234)
		at java.base/java.util.stream.ReferencePipeline.collect(ReferencePipeline.java:682)
		at org.junit.jupiter.api.AssertAll.assertAll(AssertAll.java:77)
		... 6 more
	Caused by: java.lang.ExceptionInInitializerError: Exception java.lang.ExceptionInInitializerError [in thread "main"]
		at io.ebean.DB.<clinit>(DB.java:63)
		at com.econovafx.ApplicationStartupTest.testDatabaseConnection(ApplicationStartupTest.java:76)
		... 3 more
	Suppressed: java.lang.NoClassDefFoundError: Could not initialize class io.ebean.DB
		at com.econovafx.ApplicationStartupTest.lambda$testFullStartupSimulation$2(ApplicationStartupTest.java:101)
		at org.junit.jupiter.api.AssertAll.lambda$assertAll$0(AssertAll.java:68)
		at java.base/java.util.stream.ReferencePipeline$3$1.accept(ReferencePipeline.java:197)
		at java.base/java.util.Spliterators$ArraySpliterator.forEachRemaining(Spliterators.java:992)
		at java.base/java.util.stream.AbstractPipeline.copyInto(AbstractPipeline.java:509)
		at java.base/java.util.stream.AbstractPipeline.wrapAndCopyInto(AbstractPipeline.java:499)
		at java.base/java.util.stream.ReduceOps$ReduceOp.evaluateSequential(ReduceOps.java:921)
		at java.base/java.util.stream.AbstractPipeline.evaluate(AbstractPipeline.java:234)
		at java.base/java.util.stream.ReferencePipeline.collect(ReferencePipeline.java:682)
		at org.junit.jupiter.api.AssertAll.assertAll(AssertAll.java:77)
		... 6 more
	Caused by: [CIRCULAR REFERENCE: java.lang.ExceptionInInitializerError: Exception java.lang.ExceptionInInitializerError [in thread "main"]]
]]></failure>
    <system-out><![CDATA[15:31:17.519 [main] INFO  c.econovafx.ApplicationStartupTest - Running full startup simulation...
]]></system-out>
  </testcase>
</testsuite>