<?xml version="1.0" encoding="UTF-8"?>
<testsuite xmlns:xsi="http://www.w3.org/2001/XMLSchema-instance" xsi:noNamespaceSchemaLocation="https://maven.apache.org/surefire/maven-surefire-plugin/xsd/surefire-test-report-3.0.xsd" version="3.0" name="com.econovafx.modules.core.service.TransactionServiceTest" time="2.981" tests="28" errors="0" skipped="0" failures="0">
  <properties>
[...]
</properties>
  <testcase name="testCreateTransactionGeneratesNumber" classname="com.econovafx.modules.core.service.TransactionServiceTest" time="2.159">
    <system-out><![CDATA[19:29:10.598 [main] INFO  c.e.m.a.service.TransactionService - Transaction created: TXN-2026-000001 with status: DRAFT
19:29:10.657 [main] INFO  c.e.m.core.service.AuditService - Audit: CREATE - Created transaction: TXN-2026-000001 on Transaction (1) by system
]]></system-out>
  </testcase>
  <testcase name="testCreateTransactionFailsWithNullDate" classname="com.econovafx.modules.core.service.TransactionServiceTest" time="0.02"/>
  <testcase name="testCreateTransactionFailsWithNullType" classname="com.econovafx.modules.core.service.TransactionServiceTest" time="0.003"/>
  <testcase name="testGetUnpostedTransactions" classname="com.econovafx.modules.core.service.TransactionServiceTest" time="0.038">
    <system-out><![CDATA[19:29:10.877 [main] INFO  c.e.m.a.service.TransactionService - Transaction created: TXN-2026-000001 with status: DRAFT
19:29:10.877 [main] INFO  c.e.m.core.service.AuditService - Audit: CREATE - Created transaction: TXN-2026-000001 on Transaction (1) by system
]]></system-out>
  </testcase>
  <testcase name="testGetTransactionsCount" classname="com.econovafx.modules.core.service.TransactionServiceTest" time="0.022">
    <system-out><![CDATA[19:29:10.935 [main] INFO  c.e.m.a.service.TransactionService - Transaction created: TXN-2026-000001 with status: DRAFT
19:29:10.936 [main] INFO  c.e.m.core.service.AuditService - Audit: CREATE - Created transaction: TXN-2026-000001 on Transaction (1) by system
19:29:10.938 [main] INFO  c.e.m.a.service.TransactionService - Transaction created: TXN-2026-000002 with status: DRAFT
19:29:10.939 [main] INFO  c.e.m.core.service.AuditService - Audit: CREATE - Created transaction: TXN-2026-000002 on Transaction (2) by system
]]></system-out>
  </testcase>
  <testcase name="testGetTransactionById" classname="com.econovafx.modules.core.service.TransactionServiceTest" time="0.017"/>
  <testcase name="testReverseTransactionFailsWhenNotFound" classname="com.econovafx.modules.core.service.TransactionServiceTest" time="0.017"/>
  <testcase name="testGetPostedTransactions" classname="com.econovafx.modules.core.service.TransactionServiceTest" time="0.004">
    <system-out><![CDATA[19:29:10.999 [main] INFO  c.e.m.a.service.TransactionService - Transaction created: TXN-2026-000001 with status: DRAFT
19:29:10.999 [main] INFO  c.e.m.core.service.AuditService - Audit: CREATE - Created transaction: TXN-2026-000001 on Transaction (1) by system
19:29:11.000 [main] INFO  c.e.m.a.service.TransactionService - Transaction posted: TXN-2026-000001 with status: POSTED
19:29:11.000 [main] INFO  c.e.m.core.service.AuditService - Audit: PUBLISH_TRANSACTION - Posted transaction: TXN-2026-000001 on Transaction (1) by system
]]></system-out>
  </testcase>
  <testcase name="testGetAllTransactions" classname="com.econovafx.modules.core.service.TransactionServiceTest" time="0.003">
    <system-out><![CDATA[19:29:11.018 [main] INFO  c.e.m.a.service.TransactionService - Transaction created: TXN-2026-000001 with status: DRAFT
19:29:11.018 [main] INFO  c.e.m.core.service.AuditService - Audit: CREATE - Created transaction: TXN-2026-000001 on Transaction (1) by system
19:29:11.019 [main] INFO  c.e.m.a.service.TransactionService - Transaction created: TXN-2026-000002 with status: DRAFT
19:29:11.019 [main] INFO  c.e.m.core.service.AuditService - Audit: CREATE - Created transaction: TXN-2026-000002 on Transaction (2) by system
]]></system-out>
  </testcase>
  <testcase name="testPostTransactionUpdatesLiabilityAccountCorrectly" classname="com.econovafx.modules.core.service.TransactionServiceTest" time="0.017">
    <system-out><![CDATA[19:29:11.036 [main] INFO  c.e.m.a.service.TransactionService - Transaction posted: null with status: POSTED
19:29:11.037 [main] INFO  c.e.m.core.service.AuditService - Audit: PUBLISH_TRANSACTION - Posted transaction: null on Transaction (1) by system
]]></system-out>
  </testcase>
  <testcase name="testSearchTransactions" classname="com.econovafx.modules.core.service.TransactionServiceTest" time="0.019"/>
  <testcase name="testReverseTransactionFailsWhenNotPosted" classname="com.econovafx.modules.core.service.TransactionServiceTest" time="0.016">
    <system-out><![CDATA[19:29:11.061 [main] WARN  c.e.m.core.service.AuditService - Audit FAILED: REJECT - Reverse transaction - invalid status on Transaction (1) by system - Error: Transaction cannot be reversed in current status: Borrador
]]></system-out>
  </testcase>
  <testcase name="testDeleteTransactionFailsWhenNotFound" classname="com.econovafx.modules.core.service.TransactionServiceTest" time="0.018"/>
  <testcase name="testReverseTransactionSuccess" classname="com.econovafx.modules.core.service.TransactionServiceTest" time="0.02">
    <system-out><![CDATA[19:29:11.136 [main] INFO  c.e.m.a.service.TransactionService - Transaction created: TXN-2026-000002 with status: DRAFT
19:29:11.136 [main] INFO  c.e.m.core.service.AuditService - Audit: CREATE - Created transaction: TXN-2026-000002 on Transaction (1) by system
19:29:11.137 [main] INFO  c.e.m.core.service.AuditService - Audit: REJECT - Reversed transaction: TXN-2026-000001 - Reason: Error in original on Transaction (1) by system
]]></system-out>
  </testcase>
  <testcase name="testPostTransactionFailsWhenNotBalanced" classname="com.econovafx.modules.core.service.TransactionServiceTest" time="0.003">
    <system-out><![CDATA[19:29:11.158 [main] WARN  c.e.m.core.service.AuditService - Audit FAILED: PUBLISH_TRANSACTION - Post transaction - not balanced on Transaction (1) by system - Error: Transaction is not balanced
]]></system-out>
  </testcase>
  <testcase name="testCreateTransactionFailsWhenNotBalanced" classname="com.econovafx.modules.core.service.TransactionServiceTest" time="0.004">
    <system-out><![CDATA[19:29:11.179 [main] WARN  c.e.m.core.service.AuditService - Audit FAILED: CREATE - Create transaction - validation failed on Transaction (null) by system - Error: Transaction is not balanced. Debit: 1000.0000, Credit: 800.0000
]]></system-out>
  </testcase>
  <testcase name="testPostTransactionFailsWhenAlreadyPosted" classname="com.econovafx.modules.core.service.TransactionServiceTest" time="0.034">
    <system-out><![CDATA[19:29:11.198 [main] WARN  c.e.m.core.service.AuditService - Audit FAILED: PUBLISH_TRANSACTION - Post transaction - invalid status on Transaction (1) by system - Error: Transaction cannot be posted in current status: Publicado
]]></system-out>
  </testcase>
  <testcase name="testCreateTransactionFailsWhenAccountNotFound" classname="com.econovafx.modules.core.service.TransactionServiceTest" time="0.002"/>
  <testcase name="testCreateTransactionSuccess" classname="com.econovafx.modules.core.service.TransactionServiceTest" time="0.016">
    <system-out><![CDATA[19:29:11.236 [main] INFO  c.e.m.a.service.TransactionService - Transaction created: TXN-2026-000001 with status: DRAFT
19:29:11.236 [main] INFO  c.e.m.core.service.AuditService - Audit: CREATE - Created transaction: TXN-2026-000001 on Transaction (1) by system
]]></system-out>
  </testcase>
  <testcase name="testGetTransactionByNumber" classname="com.econovafx.modules.core.service.TransactionServiceTest" time="0.019"/>
  <testcase name="testDeleteTransactionSuccess" classname="com.econovafx.modules.core.service.TransactionServiceTest" time="0.002">
    <system-out><![CDATA[19:29:11.259 [main] INFO  c.e.m.a.service.TransactionService - Transaction deleted: TXN-2026-000001
19:29:11.259 [main] INFO  c.e.m.core.service.AuditService - Audit: DELETE - Deleted transaction: TXN-2026-000001 on Transaction (1) by system
]]></system-out>
  </testcase>
  <testcase name="testPostTransactionUpdatesAssetAccountCorrectly" classname="com.econovafx.modules.core.service.TransactionServiceTest" time="0.002">
    <system-out><![CDATA[19:29:11.277 [main] INFO  c.e.m.a.service.TransactionService - Transaction posted: null with status: POSTED
19:29:11.277 [main] INFO  c.e.m.core.service.AuditService - Audit: PUBLISH_TRANSACTION - Posted transaction: null on Transaction (1) by system
]]></system-out>
  </testcase>
  <testcase name="testPostTransactionUpdatesExpenseAccountCorrectly" classname="com.econovafx.modules.core.service.TransactionServiceTest" time="0.001">
    <system-out><![CDATA[19:29:11.278 [main] INFO  c.e.m.a.service.TransactionService - Transaction posted: null with status: POSTED
19:29:11.278 [main] INFO  c.e.m.core.service.AuditService - Audit: PUBLISH_TRANSACTION - Posted transaction: null on Transaction (1) by system
]]></system-out>
  </testcase>
  <testcase name="testPostTransactionSuccess" classname="com.econovafx.modules.core.service.TransactionServiceTest" time="0.017">
    <system-out><![CDATA[19:29:11.296 [main] INFO  c.e.m.a.service.TransactionService - Transaction posted: TXN-2026-000001 with status: POSTED
19:29:11.296 [main] INFO  c.e.m.core.service.AuditService - Audit: PUBLISH_TRANSACTION - Posted transaction: TXN-2026-000001 on Transaction (1) by system
]]></system-out>
  </testcase>
  <testcase name="testCreateTransactionFailsWithLessThanTwoEntries" classname="com.econovafx.modules.core.service.TransactionServiceTest" time="0.039"/>
  <testcase name="testGetTransactionsByDateRange" classname="com.econovafx.modules.core.service.TransactionServiceTest" time="0.019">
    <system-out><![CDATA[19:29:11.340 [main] INFO  c.e.m.a.service.TransactionService - Transaction created: TXN-2026-000001 with status: DRAFT
19:29:11.340 [main] INFO  c.e.m.core.service.AuditService - Audit: CREATE - Created transaction: TXN-2026-000001 on Transaction (1) by system
]]></system-out>
  </testcase>
  <testcase name="testDeleteTransactionFailsWhenPosted" classname="com.econovafx.modules.core.service.TransactionServiceTest" time="0.018">
    <system-out><![CDATA[19:29:11.360 [main] WARN  c.e.m.core.service.AuditService - Audit FAILED: DELETE - Delete transaction - invalid status on Transaction (1) by system - Error: Cannot delete transaction in status: Publicado. Please reverse it first.
]]></system-out>
  </testcase>
  <testcase name="testPostTransactionFailsWhenNotFound" classname="com.econovafx.modules.core.service.TransactionServiceTest" time="0.021"/>
</testsuite>